2024-10-17 01:48:30.781 [info] Extension host with pid 2862 started
2024-10-17 01:48:30.781 [error] Error: EEXIST: file already exists, open '/home/ec2-user/.vscode-server/data/User/workspaceStorage/716df7671d5236da5a187e072ede3ddc/vscode.lock'
2024-10-17 01:48:30.811 [info] Lock '/home/ec2-user/.vscode-server/data/User/workspaceStorage/716df7671d5236da5a187e072ede3ddc/vscode.lock': Could not acquire lock, checking if the file is stale.
2024-10-17 01:48:30.824 [info] Lock '/home/ec2-user/.vscode-server/data/User/workspaceStorage/716df7671d5236da5a187e072ede3ddc/vscode.lock': The pid 2534 appears to be gone.
2024-10-17 01:48:30.824 [info] Lock '/home/ec2-user/.vscode-server/data/User/workspaceStorage/716df7671d5236da5a187e072ede3ddc/vscode.lock': Deleting a stale lock.
2024-10-17 01:48:30.829 [info] Lock '/home/ec2-user/.vscode-server/data/User/workspaceStorage/716df7671d5236da5a187e072ede3ddc/vscode.lock': Lock acquired.
2024-10-17 01:48:31.472 [info] ExtensionService#_doActivateExtension vscode.tunnel-forwarding, startup: false, activationEvent: 'onTunnel'
2024-10-17 01:48:31.474 [info] ExtensionService#_doActivateExtension vscode.emmet, startup: false, activationEvent: 'onLanguage'
2024-10-17 01:48:31.476 [info] ExtensionService#_doActivateExtension ms-python.python, startup: false, activationEvent: 'onLanguage:python', root cause: ms-python.debugpy
2024-10-17 01:48:31.476 [info] ExtensionService#_doActivateExtension vscode.git-base, startup: false, activationEvent: '*', root cause: vscode.git
2024-10-17 01:48:32.394 [info] ExtensionService#_doActivateExtension vscode.git, startup: false, activationEvent: '*'
2024-10-17 01:48:32.395 [info] ExtensionService#_doActivateExtension vscode.github, startup: false, activationEvent: '*'
2024-10-17 01:48:32.983 [info] Eager extensions activated
2024-10-17 01:48:32.983 [info] ExtensionService#_doActivateExtension vscode.debug-auto-launch, startup: false, activationEvent: 'onStartupFinished'
2024-10-17 01:48:32.999 [info] ExtensionService#_doActivateExtension vscode.merge-conflict, startup: false, activationEvent: 'onStartupFinished'
2024-10-17 01:48:33.235 [info] ExtensionService#_doActivateExtension ms-python.debugpy, startup: false, activationEvent: 'onLanguage:python'
2024-10-17 01:48:33.235 [info] ExtensionService#_doActivateExtension ms-python.vscode-pylance, startup: false, activationEvent: 'onLanguage:python'
2024-10-17 01:48:56.473 [info] ExtensionService#_doActivateExtension vscode.html-language-features, startup: false, activationEvent: 'onLanguage:html'
2024-10-17 02:02:52.849 [info] ExtensionService#_doActivateExtension ms-vscode.live-server, startup: false, activationEvent: 'onCommand:livePreview.start.preview.atFile'
2024-10-17 02:05:35.021 [info] ExtensionService#_doActivateExtension vscode.css-language-features, startup: false, activationEvent: 'onLanguage:css'
2024-10-17 02:09:20.921 [info] ExtensionService#_doActivateExtension vscode.npm, startup: false, activationEvent: 'onTerminalQuickFixRequest:ms-vscode.npm-command'
2024-10-17 02:09:26.698 [info] ExtensionService#_doActivateExtension vscode.configuration-editing, startup: false, activationEvent: 'onLanguage:json'
2024-10-17 02:09:26.699 [info] ExtensionService#_doActivateExtension vscode.extension-editing, startup: false, activationEvent: 'onLanguage:json'
2024-10-17 02:09:26.699 [info] ExtensionService#_doActivateExtension vscode.json-language-features, startup: false, activationEvent: 'onLanguage:json'
2024-10-17 02:10:05.316 [info] ExtensionService#_doActivateExtension ritwickdey.LiveServer, startup: false, activationEvent: 'onStartupFinished'
2024-10-17 02:16:34.511 [info] ExtensionService#_doActivateExtension vscode.typescript-language-features, startup: false, activationEvent: 'onLanguage:javascript'
