2024-10-17 23:39:17.111 [info] [Info  - 11:39:17 PM] (4359) Server root directory: file:///home/ec2-user/.vscode-server/extensions/ms-python.vscode-pylance-2024.10.1/dist
2024-10-17 23:39:17.113 [info] [Info  - 11:39:17 PM] (4359) Pylance language server 2024.10.1 (pyright version 1.1.382, commit e46efc6b) starting
2024-10-17 23:39:17.121 [info] [Info  - 11:39:17 PM] (4359) Starting service instance "ec2-user"
2024-10-17 23:39:17.200 [info] [Info  - 11:39:17 PM] (4359) Setting environmentName for service "ec2-user": "3.9.16 (global)"
2024-10-17 23:39:17.200 [info] [Info  - 11:39:17 PM] (4359) Setting pythonPath for service "ec2-user": "/bin/python3"
2024-10-17 23:39:17.201 [info] [Info  - 11:39:17 PM] (4359) No include entries specified; assuming /home/ec2-user
2024-10-17 23:39:17.202 [info] [Info  - 11:39:17 PM] (4359) Auto-excluding **/node_modules
2024-10-17 23:39:17.202 [info] [Info  - 11:39:17 PM] (4359) Auto-excluding **/__pycache__
2024-10-17 23:39:17.203 [info] [Info  - 11:39:17 PM] (4359) Auto-excluding **/.*
2024-10-17 23:39:17.237 [info] [Info  - 11:39:17 PM] (4359) Assuming Python version 3.9.16.final.0
2024-10-17 23:39:17.466 [info] [Info  - 11:39:17 PM] (4359) Found 1 source file
2024-10-17 23:39:19.068 [info] [Info  - 11:39:19 PM] (4359) Background analysis(1) root directory: file:///home/ec2-user/.vscode-server/extensions/ms-python.vscode-pylance-2024.10.1/dist
2024-10-17 23:39:19.079 [info] [Info  - 11:39:19 PM] (4359) Background analysis(1) started
2024-10-17 23:39:19.424 [info] [Info  - 11:39:19 PM] (4359) Indexer background runner(2) root directory: file:///home/ec2-user/.vscode-server/extensions/ms-python.vscode-pylance-2024.10.1/dist (index)
2024-10-17 23:39:19.434 [info] [Info  - 11:39:19 PM] (4359) Indexing(2) started
2024-10-17 23:39:21.935 [info] [Info  - 11:39:21 PM] (4359) [IDX(2)] Long operation: scan packages file:///home/ec2-user (2140ms)
2024-10-17 23:39:21.936 [info] [Info  - 11:39:21 PM] (4359) scanned(2) 86 files over 1 exec env
2024-10-17 23:39:22.674 [info] [Info  - 11:39:22 PM] (4359) [BG(1)] Long operation: checking: file:///home/ec2-user/server.py (2164ms)
2024-10-17 23:39:22.675 [info] [Info  - 11:39:22 PM] (4359) [BG(1)] Long operation: analyzing: file:///home/ec2-user/server.py (2181ms)
2024-10-17 23:39:22.771 [info] [Info  - 11:39:22 PM] (4359) indexed(2) 86 files over 1 exec env
2024-10-17 23:39:22.838 [info] [Info  - 11:39:22 PM] (4359) Indexing finished(2).
2024-10-17 23:39:26.830 [info] (Client) The existing extension didn't exit within 10 seconds. New instance will start, but you might encounter issues.
2024-10-17 23:39:26.830 [info] (Client) Pylance async client (2024.10.1) started with python extension (2024.16.1)
