2024-10-23 01:01:21.105 [info] Extension host with pid 3845 started
2024-10-23 01:01:21.105 [error] Error: EEXIST: file already exists, open '/home/ec2-user/.vscode-server/data/User/workspaceStorage/716df7671d5236da5a187e072ede3ddc/vscode.lock'
2024-10-23 01:01:21.113 [info] Lock '/home/ec2-user/.vscode-server/data/User/workspaceStorage/716df7671d5236da5a187e072ede3ddc/vscode.lock': Could not acquire lock, checking if the file is stale.
2024-10-23 01:01:21.138 [info] Lock '/home/ec2-user/.vscode-server/data/User/workspaceStorage/716df7671d5236da5a187e072ede3ddc/vscode.lock': The pid 2537 appears to be gone.
2024-10-23 01:01:21.138 [info] Lock '/home/ec2-user/.vscode-server/data/User/workspaceStorage/716df7671d5236da5a187e072ede3ddc/vscode.lock': Deleting a stale lock.
2024-10-23 01:01:21.141 [info] Lock '/home/ec2-user/.vscode-server/data/User/workspaceStorage/716df7671d5236da5a187e072ede3ddc/vscode.lock': Lock acquired.
2024-10-23 01:01:21.788 [info] ExtensionService#_doActivateExtension vscode.tunnel-forwarding, startup: false, activationEvent: 'onTunnel'
2024-10-23 01:01:21.789 [info] ExtensionService#_doActivateExtension vscode.emmet, startup: false, activationEvent: 'onLanguage'
2024-10-23 01:01:21.790 [info] ExtensionService#_doActivateExtension vscode.typescript-language-features, startup: false, activationEvent: 'onLanguage:javascript'
2024-10-23 01:01:21.790 [info] ExtensionService#_doActivateExtension vscode.git-base, startup: false, activationEvent: '*', root cause: vscode.git
2024-10-23 01:01:23.366 [info] ExtensionService#_doActivateExtension vscode.git, startup: false, activationEvent: '*'
2024-10-23 01:01:23.367 [info] ExtensionService#_doActivateExtension vscode.github, startup: false, activationEvent: '*'
2024-10-23 01:01:24.612 [info] Eager extensions activated
2024-10-23 01:01:24.612 [info] ExtensionService#_doActivateExtension vscode.debug-auto-launch, startup: false, activationEvent: 'onStartupFinished'
2024-10-23 01:01:24.613 [info] ExtensionService#_doActivateExtension vscode.merge-conflict, startup: false, activationEvent: 'onStartupFinished'
2024-10-23 01:01:24.613 [info] ExtensionService#_doActivateExtension ritwickdey.LiveServer, startup: false, activationEvent: 'onStartupFinished'
2024-10-23 01:01:26.562 [info] ExtensionService#_doActivateExtension vscode.html-language-features, startup: false, activationEvent: 'onLanguage:html'
2024-10-23 01:01:42.390 [info] ExtensionService#_doActivateExtension vscode.css-language-features, startup: false, activationEvent: 'onLanguage:css'
2024-10-23 01:31:25.301 [info] ExtensionService#_doActivateExtension vscode.npm, startup: false, activationEvent: 'onTerminalQuickFixRequest:ms-vscode.npm-command'
2024-10-23 01:31:31.087 [info] ExtensionService#_doActivateExtension vscode.configuration-editing, startup: false, activationEvent: 'onLanguage:json'
2024-10-23 01:31:31.088 [info] ExtensionService#_doActivateExtension vscode.extension-editing, startup: false, activationEvent: 'onLanguage:json'
2024-10-23 01:31:31.088 [info] ExtensionService#_doActivateExtension vscode.json-language-features, startup: false, activationEvent: 'onLanguage:json'
2024-10-23 01:36:07.292 [info] ExtensionService#_doActivateExtension ms-python.python, startup: false, activationEvent: 'onLanguage:python', root cause: ms-python.debugpy
2024-10-23 01:36:08.083 [info] ExtensionService#_doActivateExtension ms-python.debugpy, startup: false, activationEvent: 'onLanguage:python'
2024-10-23 01:36:08.083 [info] ExtensionService#_doActivateExtension ms-python.vscode-pylance, startup: false, activationEvent: 'onLanguage:python'
2024-10-23 02:31:41.867 [info] Extension host terminating: received terminate message from renderer
2024-10-23 02:31:41.875 [info] Lock '/home/ec2-user/.vscode-server/data/User/workspaceStorage/716df7671d5236da5a187e072ede3ddc/vscode.lock': Marking the lockfile as scheduled to be released in 6000 ms.
2024-10-23 02:31:42.148 [info] Extension host with pid 3845 exiting with code 0
