2024-10-12 01:20:24.393 [info] [Info  - 1:20:24 AM] (3197) Server root directory: file:///home/ec2-user/.vscode-server/extensions/ms-python.vscode-pylance-2024.10.1/dist
2024-10-12 01:20:24.401 [info] [Info  - 1:20:24 AM] (3197) Pylance language server 2024.10.1 (pyright version 1.1.382, commit e46efc6b) starting
2024-10-12 01:20:24.401 [info] [Info  - 1:20:24 AM] (3197) Starting service instance "ec2-user"
2024-10-12 01:20:24.568 [info] [Info  - 1:20:24 AM] (3197) Setting environmentName for service "ec2-user": "3.9.16 (global)"
2024-10-12 01:20:24.568 [info] [Info  - 1:20:24 AM] (3197) Setting pythonPath for service "ec2-user": "/bin/python3"
2024-10-12 01:20:24.569 [info] [Info  - 1:20:24 AM] (3197) No include entries specified; assuming /home/ec2-user
2024-10-12 01:20:24.569 [info] [Info  - 1:20:24 AM] (3197) Auto-excluding **/node_modules
2024-10-12 01:20:24.569 [info] [Info  - 1:20:24 AM] (3197) Auto-excluding **/__pycache__
2024-10-12 01:20:24.569 [info] [Info  - 1:20:24 AM] (3197) Auto-excluding **/.*
2024-10-12 01:20:24.607 [info] [Info  - 1:20:24 AM] (3197) Assuming Python version 3.9.16.final.0
2024-10-12 01:20:24.763 [info] [Info  - 1:20:24 AM] (3197) Found 1 source file
2024-10-12 01:20:26.472 [info] [Info  - 1:20:26 AM] (3197) Background analysis(1) root directory: file:///home/ec2-user/.vscode-server/extensions/ms-python.vscode-pylance-2024.10.1/dist
2024-10-12 01:20:26.485 [info] [Info  - 1:20:26 AM] (3197) Background analysis(1) started
2024-10-12 01:20:26.959 [info] [Info  - 1:20:26 AM] (3197) Indexer background runner(2) root directory: file:///home/ec2-user/.vscode-server/extensions/ms-python.vscode-pylance-2024.10.1/dist (index)
2024-10-12 01:20:26.967 [info] [Info  - 1:20:26 AM] (3197) Indexing(2) started
2024-10-12 01:20:29.242 [info] [Info  - 1:20:29 AM] (3197) [IDX(2)] Long operation: scan packages file:///home/ec2-user (2058ms)
2024-10-12 01:20:29.242 [info] [Info  - 1:20:29 AM] (3197) scanned(2) 83 files over 1 exec env
2024-10-12 01:20:30.105 [info] [Info  - 1:20:30 AM] (3197) [BG(1)] Long operation: checking: file:///home/ec2-user/server.py (2049ms)
2024-10-12 01:20:30.105 [info] [Info  - 1:20:30 AM] (3197) [BG(1)] Long operation: analyzing: file:///home/ec2-user/server.py (2065ms)
2024-10-12 01:20:32.978 [info] [Info  - 1:20:32 AM] (3197) [IDX(2)] Long operation: index execution environment file:///home/ec2-user (2895ms)
2024-10-12 01:20:33.014 [info] [Info  - 1:20:33 AM] (3197) [IDX(2)] Long operation: index packages file:///home/ec2-user (2932ms)
2024-10-12 01:20:33.015 [info] [Info  - 1:20:33 AM] (3197) indexed(2) 83 files over 1 exec env
2024-10-12 01:20:33.187 [info] [Info  - 1:20:33 AM] (3197) Indexing finished(2).
2024-10-12 01:20:34.460 [info] (Client) The existing extension didn't exit within 10 seconds. New instance will start, but you might encounter issues.
2024-10-12 01:20:34.460 [info] (Client) Pylance async client (2024.10.1) started with python extension (2024.16.1)
