2024-10-23 01:36:08.624 [info] Experiment 'pythonRecommendTensorboardExt' is active
2024-10-23 01:36:08.624 [info] Experiment 'pythonTerminalEnvVarActivation' is active
2024-10-23 01:36:08.624 [info] Experiment 'pythonTestAdapter' is active
2024-10-23 01:36:08.624 [warning] Dir "/home/ec2-user/.pixi/envs" is not watchable (directory does not exist)
2024-10-23 01:36:08.624 [info] Default formatter is set to null for workspace /home/ec2-user
2024-10-23 01:36:08.624 [info] Python interpreter path: /bin/python3
2024-10-23 01:36:08.793 [info] > pyenv which python
2024-10-23 01:36:08.793 [info] cwd: .
2024-10-23 01:36:08.953 [info] > pixi --version
2024-10-23 01:36:10.013 [info] Starting Pylance language server.
2024-10-23 01:36:37.944 [info] Discover tests for workspace name: ec2-user - uri: /home/ec2-user/database/db.py
2024-10-23 01:36:40.091 [info] Discover tests for workspace name: ec2-user - uri: /home/ec2-user/database/db.py
2024-10-23 01:36:41.684 [info] Discover tests for workspace name: ec2-user - uri: /home/ec2-user/database/db.py
2024-10-23 01:36:44.676 [info] Discover tests for workspace name: ec2-user - uri: /home/ec2-user/database/db.py
2024-10-23 01:38:10.994 [info] Discover tests for workspace name: ec2-user - uri: /home/ec2-user/database/db.py
2024-10-23 01:38:19.701 [info] Discover tests for workspace name: ec2-user - uri: /home/ec2-user/database/db.py
2024-10-23 01:38:21.112 [info] Discover tests for workspace name: ec2-user - uri: /home/ec2-user/database/db.py
2024-10-23 01:38:24.914 [info] Discover tests for workspace name: ec2-user - uri: /home/ec2-user/database/db.py
2024-10-23 01:38:28.942 [info] Discover tests for workspace name: ec2-user - uri: /home/ec2-user/database/db.py
2024-10-23 01:38:33.310 [info] Discover tests for workspace name: ec2-user - uri: /home/ec2-user/database/db.py
2024-10-23 01:38:35.034 [info] Discover tests for workspace name: ec2-user - uri: /home/ec2-user/database/db.py
2024-10-23 01:38:36.293 [info] Discover tests for workspace name: ec2-user - uri: /home/ec2-user/database/db.py
2024-10-23 01:38:38.335 [info] Discover tests for workspace name: ec2-user - uri: /home/ec2-user/database/db.py
2024-10-23 01:38:43.347 [info] Discover tests for workspace name: ec2-user - uri: /home/ec2-user/database/db.py
2024-10-23 01:38:49.816 [info] Discover tests for workspace name: ec2-user - uri: /home/ec2-user/database/db.py
2024-10-23 01:38:53.874 [info] Discover tests for workspace name: ec2-user - uri: /home/ec2-user/database/db.py
2024-10-23 01:38:55.972 [info] Discover tests for workspace name: ec2-user - uri: /home/ec2-user/database/db.py
2024-10-23 01:39:37.257 [info] Discover tests for workspace name: ec2-user - uri: /home/ec2-user/database/db.py
2024-10-23 01:40:18.348 [info] Discover tests for workspace name: ec2-user - uri: /home/ec2-user/database/db.py
2024-10-23 01:40:21.505 [info] Discover tests for workspace name: ec2-user - uri: /home/ec2-user/database/db.py
2024-10-23 01:40:23.435 [info] Discover tests for workspace name: ec2-user - uri: /home/ec2-user/database/db.py
2024-10-23 01:40:26.672 [info] Discover tests for workspace name: ec2-user - uri: /home/ec2-user/database/db.py
2024-10-23 01:40:28.900 [info] Discover tests for workspace name: ec2-user - uri: /home/ec2-user/database/db.py
2024-10-23 01:40:53.204 [info] Discover tests for workspace name: ec2-user - uri: /home/ec2-user/database/db.py
2024-10-23 01:40:55.136 [info] Discover tests for workspace name: ec2-user - uri: /home/ec2-user/database/db.py
2024-10-23 01:41:00.236 [info] Discover tests for workspace name: ec2-user - uri: /home/ec2-user/database/db.py
2024-10-23 01:41:05.563 [info] Discover tests for workspace name: ec2-user - uri: /home/ec2-user/database/db.py
2024-10-23 01:41:07.309 [info] Discover tests for workspace name: ec2-user - uri: /home/ec2-user/database/db.py
2024-10-23 01:41:09.456 [info] Discover tests for workspace name: ec2-user - uri: /home/ec2-user/database/db.py
2024-10-23 01:41:17.972 [info] Discover tests for workspace name: ec2-user - uri: /home/ec2-user/database/db.py
2024-10-23 01:41:19.275 [info] Discover tests for workspace name: ec2-user - uri: /home/ec2-user/database/db.py
2024-10-23 01:41:21.349 [info] Discover tests for workspace name: ec2-user - uri: /home/ec2-user/database/db.py
2024-10-23 01:41:23.708 [info] Discover tests for workspace name: ec2-user - uri: /home/ec2-user/database/db.py
2024-10-23 01:41:25.669 [info] Discover tests for workspace name: ec2-user - uri: /home/ec2-user/database/db.py
2024-10-23 01:41:27.951 [info] Discover tests for workspace name: ec2-user - uri: /home/ec2-user/database/db.py
2024-10-23 01:41:31.127 [info] Discover tests for workspace name: ec2-user - uri: /home/ec2-user/database/db.py
2024-10-23 01:41:33.579 [info] Discover tests for workspace name: ec2-user - uri: /home/ec2-user/database/db.py
2024-10-23 01:41:36.251 [info] Discover tests for workspace name: ec2-user - uri: /home/ec2-user/database/db.py
2024-10-23 01:41:39.174 [info] Discover tests for workspace name: ec2-user - uri: /home/ec2-user/database/db.py
2024-10-23 01:41:40.656 [info] Discover tests for workspace name: ec2-user - uri: /home/ec2-user/database/db.py
2024-10-23 01:41:46.360 [info] Discover tests for workspace name: ec2-user - uri: /home/ec2-user/database/db.py
2024-10-23 01:41:48.577 [info] Discover tests for workspace name: ec2-user - uri: /home/ec2-user/database/db.py
2024-10-23 01:41:51.401 [info] Discover tests for workspace name: ec2-user - uri: /home/ec2-user/database/db.py
2024-10-23 01:41:52.765 [info] Discover tests for workspace name: ec2-user - uri: /home/ec2-user/database/db.py
2024-10-23 01:58:49.353 [info] Discover tests for workspace name: ec2-user - uri: /home/ec2-user/database/db.py
2024-10-23 01:58:50.669 [info] Discover tests for workspace name: ec2-user - uri: /home/ec2-user/database/db.py
2024-10-23 01:58:56.301 [info] Discover tests for workspace name: ec2-user - uri: /home/ec2-user/database/db.py
2024-10-23 01:58:59.276 [info] Discover tests for workspace name: ec2-user - uri: /home/ec2-user/database/db.py
2024-10-23 01:59:01.130 [info] Discover tests for workspace name: ec2-user - uri: /home/ec2-user/database/db.py
2024-10-23 01:59:02.494 [info] Discover tests for workspace name: ec2-user - uri: /home/ec2-user/database/db.py
2024-10-23 01:59:05.213 [info] Discover tests for workspace name: ec2-user - uri: /home/ec2-user/database/db.py
2024-10-23 01:59:07.293 [info] Discover tests for workspace name: ec2-user - uri: /home/ec2-user/database/db.py
2024-10-23 01:59:08.643 [info] Discover tests for workspace name: ec2-user - uri: /home/ec2-user/database/db.py
2024-10-23 01:59:10.864 [info] Discover tests for workspace name: ec2-user - uri: /home/ec2-user/database/db.py
2024-10-23 01:59:20.424 [info] Discover tests for workspace name: ec2-user - uri: /home/ec2-user/database/db.py
2024-10-23 01:59:25.606 [info] Discover tests for workspace name: ec2-user - uri: /home/ec2-user/database/db.py
2024-10-23 01:59:27.264 [info] Discover tests for workspace name: ec2-user - uri: /home/ec2-user/database/db.py
2024-10-23 01:59:31.111 [info] Discover tests for workspace name: ec2-user - uri: /home/ec2-user/database/db.py
2024-10-23 01:59:36.517 [info] Discover tests for workspace name: ec2-user - uri: /home/ec2-user/database/db.py
2024-10-23 01:59:37.834 [info] Discover tests for workspace name: ec2-user - uri: /home/ec2-user/database/db.py
2024-10-23 01:59:45.072 [info] Discover tests for workspace name: ec2-user - uri: /home/ec2-user/database/db.py
2024-10-23 01:59:47.104 [info] Discover tests for workspace name: ec2-user - uri: /home/ec2-user/database/db.py
2024-10-23 01:59:48.587 [info] Discover tests for workspace name: ec2-user - uri: /home/ec2-user/database/db.py
2024-10-23 01:59:51.280 [info] Discover tests for workspace name: ec2-user - uri: /home/ec2-user/database/db.py
2024-10-23 01:59:53.608 [info] Discover tests for workspace name: ec2-user - uri: /home/ec2-user/database/db.py
2024-10-23 01:59:59.394 [info] Discover tests for workspace name: ec2-user - uri: /home/ec2-user/database/db.py
2024-10-23 02:00:16.985 [info] Discover tests for workspace name: ec2-user - uri: /home/ec2-user/database/db.py
2024-10-23 02:00:30.665 [info] Discover tests for workspace name: ec2-user - uri: /home/ec2-user/database/db.py
2024-10-23 02:00:32.829 [info] Discover tests for workspace name: ec2-user - uri: /home/ec2-user/database/db.py
2024-10-23 02:00:42.458 [info] Discover tests for workspace name: ec2-user - uri: /home/ec2-user/database/db.py
2024-10-23 02:02:26.609 [info] Discover tests for workspace name: ec2-user - uri: /home/ec2-user/database/db.py
2024-10-23 02:02:29.599 [info] Discover tests for workspace name: ec2-user - uri: /home/ec2-user/database/db.py
2024-10-23 02:02:32.053 [info] Discover tests for workspace name: ec2-user - uri: /home/ec2-user/database/db.py
2024-10-23 02:02:34.288 [info] Discover tests for workspace name: ec2-user - uri: /home/ec2-user/database/db.py
2024-10-23 02:02:36.368 [info] Discover tests for workspace name: ec2-user - uri: /home/ec2-user/database/db.py
2024-10-23 02:02:38.303 [info] Discover tests for workspace name: ec2-user - uri: /home/ec2-user/database/db.py
2024-10-23 02:02:40.878 [info] Discover tests for workspace name: ec2-user - uri: /home/ec2-user/database/db.py
2024-10-23 02:02:42.967 [info] Discover tests for workspace name: ec2-user - uri: /home/ec2-user/database/db.py
2024-10-23 02:02:46.110 [info] Discover tests for workspace name: ec2-user - uri: /home/ec2-user/database/db.py
2024-10-23 02:02:50.861 [info] Discover tests for workspace name: ec2-user - uri: /home/ec2-user/database/db.py
2024-10-23 02:12:41.151 [info] Discover tests for workspace name: ec2-user - uri: /home/ec2-user/database/db.py
2024-10-23 02:14:30.544 [info] Discover tests for workspace name: ec2-user - uri: /home/ec2-user/database/db.py
2024-10-23 02:14:34.476 [info] Discover tests for workspace name: ec2-user - uri: /home/ec2-user/database/db.py
2024-10-23 02:15:04.920 [info] Discover tests for workspace name: ec2-user - uri: /home/ec2-user/database/db.py
2024-10-23 02:15:11.672 [info] Discover tests for workspace name: ec2-user - uri: /home/ec2-user/database/db.py
2024-10-23 02:15:15.265 [info] Discover tests for workspace name: ec2-user - uri: /home/ec2-user/database/db.py
2024-10-23 02:15:19.730 [info] Discover tests for workspace name: ec2-user - uri: /home/ec2-user/database/db.py
2024-10-23 02:15:26.883 [info] Discover tests for workspace name: ec2-user - uri: /home/ec2-user/database/db.py
2024-10-23 02:15:28.582 [info] Discover tests for workspace name: ec2-user - uri: /home/ec2-user/database/db.py
2024-10-23 02:16:06.396 [info] Discover tests for workspace name: ec2-user - uri: /home/ec2-user/database/db.py
2024-10-23 02:16:08.529 [info] Discover tests for workspace name: ec2-user - uri: /home/ec2-user/database/db.py
2024-10-23 02:16:18.387 [info] Discover tests for workspace name: ec2-user - uri: /home/ec2-user/database/db.py
2024-10-23 02:16:26.703 [info] Discover tests for workspace name: ec2-user - uri: /home/ec2-user/database/db.py
2024-10-23 02:16:30.204 [info] Discover tests for workspace name: ec2-user - uri: /home/ec2-user/database/db.py
2024-10-23 02:16:32.636 [info] Discover tests for workspace name: ec2-user - uri: /home/ec2-user/database/db.py
2024-10-23 02:16:35.402 [info] Discover tests for workspace name: ec2-user - uri: /home/ec2-user/database/db.py
2024-10-23 02:16:37.433 [info] Discover tests for workspace name: ec2-user - uri: /home/ec2-user/database/db.py
2024-10-23 02:16:50.238 [info] Discover tests for workspace name: ec2-user - uri: /home/ec2-user/database/db.py
2024-10-23 02:17:03.562 [info] Discover tests for workspace name: ec2-user - uri: /home/ec2-user/database/db.py
2024-10-23 02:17:04.848 [info] Discover tests for workspace name: ec2-user - uri: /home/ec2-user/database/db.py
2024-10-23 02:17:06.892 [info] Discover tests for workspace name: ec2-user - uri: /home/ec2-user/database/db.py
2024-10-23 02:17:10.911 [info] Discover tests for workspace name: ec2-user - uri: /home/ec2-user/database/db.py
2024-10-23 02:17:16.309 [info] Discover tests for workspace name: ec2-user - uri: /home/ec2-user/database/db.py
2024-10-23 02:17:20.809 [info] Discover tests for workspace name: ec2-user - uri: /home/ec2-user/database/db.py
2024-10-23 02:17:23.374 [info] Discover tests for workspace name: ec2-user - uri: /home/ec2-user/database/db.py
2024-10-23 02:17:24.710 [info] Discover tests for workspace name: ec2-user - uri: /home/ec2-user/database/db.py
2024-10-23 02:17:29.561 [info] Discover tests for workspace name: ec2-user - uri: /home/ec2-user/database/db.py
2024-10-23 02:17:32.584 [info] Discover tests for workspace name: ec2-user - uri: /home/ec2-user/database/db.py
2024-10-23 02:17:40.925 [info] Discover tests for workspace name: ec2-user - uri: /home/ec2-user/database/db.py
2024-10-23 02:17:42.787 [info] Discover tests for workspace name: ec2-user - uri: /home/ec2-user/database/db.py
2024-10-23 02:17:43.995 [info] Discover tests for workspace name: ec2-user - uri: /home/ec2-user/database/db.py
2024-10-23 02:17:45.639 [info] Discover tests for workspace name: ec2-user - uri: /home/ec2-user/database/db.py
2024-10-23 02:17:59.480 [info] Discover tests for workspace name: ec2-user - uri: /home/ec2-user/database/db.py
2024-10-23 02:18:03.512 [info] Discover tests for workspace name: ec2-user - uri: /home/ec2-user/database/db.py
2024-10-23 02:18:14.145 [info] Discover tests for workspace name: ec2-user - uri: /home/ec2-user/database/db.py
2024-10-23 02:19:13.102 [info] Discover tests for workspace name: ec2-user - uri: /home/ec2-user/database/db.py
2024-10-23 02:19:17.531 [info] Discover tests for workspace name: ec2-user - uri: /home/ec2-user/database/db.py
2024-10-23 02:19:20.535 [info] Discover tests for workspace name: ec2-user - uri: /home/ec2-user/database/db.py
2024-10-23 02:19:22.408 [info] Discover tests for workspace name: ec2-user - uri: /home/ec2-user/database/db.py
2024-10-23 02:19:26.249 [info] Discover tests for workspace name: ec2-user - uri: /home/ec2-user/database/db.py
2024-10-23 02:19:31.177 [info] Discover tests for workspace name: ec2-user - uri: /home/ec2-user/database/db.py
2024-10-23 02:19:33.244 [info] Discover tests for workspace name: ec2-user - uri: /home/ec2-user/database/db.py
2024-10-23 02:19:34.524 [info] Discover tests for workspace name: ec2-user - uri: /home/ec2-user/database/db.py
2024-10-23 02:19:38.087 [info] Discover tests for workspace name: ec2-user - uri: /home/ec2-user/database/db.py
2024-10-23 02:19:39.792 [info] Discover tests for workspace name: ec2-user - uri: /home/ec2-user/database/db.py
2024-10-23 02:19:47.604 [info] Discover tests for workspace name: ec2-user - uri: /home/ec2-user/database/db.py
2024-10-23 02:20:05.513 [info] Discover tests for workspace name: ec2-user - uri: /home/ec2-user/database/db.py
2024-10-23 02:20:07.758 [info] Discover tests for workspace name: ec2-user - uri: /home/ec2-user/database/db.py
2024-10-23 02:20:10.563 [info] Discover tests for workspace name: ec2-user - uri: /home/ec2-user/database/db.py
2024-10-23 02:20:40.008 [info] Discover tests for workspace name: ec2-user - uri: /home/ec2-user/database/db.py
2024-10-23 02:20:41.222 [info] Discover tests for workspace name: ec2-user - uri: /home/ec2-user/database/db.py
2024-10-23 02:20:54.619 [info] Discover tests for workspace name: ec2-user - uri: /home/ec2-user/database/db.py
2024-10-23 02:22:03.405 [info] Discover tests for workspace name: ec2-user - uri: /home/ec2-user/database/db.py
2024-10-23 02:22:07.333 [info] Discover tests for workspace name: ec2-user - uri: /home/ec2-user/database/db.py
2024-10-23 02:22:08.976 [info] Discover tests for workspace name: ec2-user - uri: /home/ec2-user/database/db.py
2024-10-23 02:23:16.472 [info] Discover tests for workspace name: ec2-user - uri: /home/ec2-user/database/db.py
2024-10-23 02:24:56.491 [info] Discover tests for workspace name: ec2-user - uri: /home/ec2-user/database/db.py
2024-10-23 02:25:01.229 [info] Discover tests for workspace name: ec2-user - uri: /home/ec2-user/database/db.py
2024-10-23 02:25:04.521 [info] Discover tests for workspace name: ec2-user - uri: /home/ec2-user/database/db.py
2024-10-23 02:25:06.527 [info] Discover tests for workspace name: ec2-user - uri: /home/ec2-user/database/db.py
2024-10-23 02:25:12.887 [info] Discover tests for workspace name: ec2-user - uri: /home/ec2-user/database/db.py
2024-10-23 02:25:57.968 [info] Discover tests for workspace name: ec2-user - uri: /home/ec2-user/database/db.py
2024-10-23 02:26:01.676 [info] Discover tests for workspace name: ec2-user - uri: /home/ec2-user/database/db.py
2024-10-23 02:28:36.143 [info] Discover tests for workspace name: ec2-user - uri: /home/ec2-user/database/db.py
