2024-10-12 14:10:26.197 [info] [Info  - 2:10:26 PM] (2807) Server root directory: file:///home/ec2-user/.vscode-server/extensions/ms-python.vscode-pylance-2024.10.1/dist
2024-10-12 14:10:26.199 [info] [Info  - 2:10:26 PM] (2807) Pylance language server 2024.10.1 (pyright version 1.1.382, commit e46efc6b) starting
2024-10-12 14:10:26.199 [info] [Info  - 2:10:26 PM] (2807) Starting service instance "ec2-user"
2024-10-12 14:10:26.289 [info] [Info  - 2:10:26 PM] (2807) Setting environmentName for service "ec2-user": "3.9.16 (global)"
2024-10-12 14:10:26.289 [info] [Info  - 2:10:26 PM] (2807) Setting pythonPath for service "ec2-user": "/bin/python3"
2024-10-12 14:10:26.291 [info] [Info  - 2:10:26 PM] (2807) No include entries specified; assuming /home/ec2-user
2024-10-12 14:10:26.293 [info] [Info  - 2:10:26 PM] (2807) Auto-excluding **/node_modules
2024-10-12 14:10:26.293 [info] [Info  - 2:10:26 PM] (2807) Auto-excluding **/__pycache__
2024-10-12 14:10:26.293 [info] [Info  - 2:10:26 PM] (2807) Auto-excluding **/.*
2024-10-12 14:10:26.325 [info] [Info  - 2:10:26 PM] (2807) Assuming Python version 3.9.16.final.0
2024-10-12 14:10:26.523 [info] [Info  - 2:10:26 PM] (2807) Found 1 source file
2024-10-12 14:10:28.285 [info] [Info  - 2:10:28 PM] (2807) Background analysis(1) root directory: file:///home/ec2-user/.vscode-server/extensions/ms-python.vscode-pylance-2024.10.1/dist
2024-10-12 14:10:28.306 [info] [Info  - 2:10:28 PM] (2807) Background analysis(1) started
2024-10-12 14:10:28.461 [info] [Info  - 2:10:28 PM] (2807) Indexer background runner(2) root directory: file:///home/ec2-user/.vscode-server/extensions/ms-python.vscode-pylance-2024.10.1/dist (index)
2024-10-12 14:10:28.463 [info] [Info  - 2:10:28 PM] (2807) Indexing(2) started
2024-10-12 14:10:30.859 [info] [Info  - 2:10:30 PM] (2807) [IDX(2)] Long operation: scan packages file:///home/ec2-user (2073ms)
2024-10-12 14:10:30.860 [info] [Info  - 2:10:30 PM] (2807) scanned(2) 86 files over 1 exec env
2024-10-12 14:10:31.886 [info] [Info  - 2:10:31 PM] (2807) [BG(1)] Long operation: checking: file:///home/ec2-user/server.py (2182ms)
2024-10-12 14:10:31.886 [info] [Info  - 2:10:31 PM] (2807) [BG(1)] Long operation: analyzing: file:///home/ec2-user/server.py (2207ms)
2024-10-12 14:10:31.912 [info] [Info  - 2:10:31 PM] (2807) indexed(2) 86 files over 1 exec env
2024-10-12 14:10:31.980 [info] [Info  - 2:10:31 PM] (2807) Indexing finished(2).
2024-10-12 14:10:36.347 [info] (Client) The existing extension didn't exit within 10 seconds. New instance will start, but you might encounter issues.
2024-10-12 14:10:36.347 [info] (Client) Pylance async client (2024.10.1) started with python extension (2024.16.1)
